nohup: ignoring input

[1/16] (6%) 处理: /data/lichaofei/data/DVC_testset_video/test/Mixed NS and SC images/mobile/3_2_00009.mp4
---------------------------------------------
  [提示] 原始分辨率 1080x1910 不是 16 的倍数，将 pad 到 1088x1920
  分辨率: 1088x1920, 帧数: 152
    -> QP=22
      [提示] 检测到已有编码结果，只检查/补算指标。
      [提示] CSV 已有该 QP 的结果，跳过写入。
    -> QP=27
      [提示] 检测到已有编码结果，只检查/补算指标。
      [提示] CSV 已有该 QP 的结果，跳过写入。
    -> QP=32
      [提示] 检测到已有编码结果，只检查/补算指标。
      [提示] CSV 已有该 QP 的结果，跳过写入。
    -> QP=37
      [提示] 检测到已有编码结果，只检查/补算指标。
      [提示] CSV 已有该 QP 的结果，跳过写入。
    -> QP=42
      [提示] 检测到已有编码结果，只检查/补算指标。
      [提示] CSV 已有该 QP 的结果，跳过写入。

[2/16] (12%) 处理: /data/lichaofei/data/DVC_testset_video/test/Mixed NS and SC images/mobile/3_2_00014.mp4
---------------------------------------------
  [提示] 原始分辨率 1080x2160 不是 16 的倍数，将 pad 到 1088x2160
  分辨率: 1088x2160, 帧数: 153
    -> QP=22
      [提示] 检测到已有编码结果，只检查/补算指标。
      [提示] CSV 已有该 QP 的结果，跳过写入。
    -> QP=27
      [提示] 检测到已有编码结果，只检查/补算指标。
      [提示] CSV 已有该 QP 的结果，跳过写入。
    -> QP=32
      [提示] 检测到已有编码结果，只检查/补算指标。
      [提示] CSV 已有该 QP 的结果，跳过写入。
    -> QP=37
      [提示] 检测到已有编码结果，只检查/补算指标。
      [提示] CSV 已有该 QP 的结果，跳过写入。
    -> QP=42
      [提示] 检测到已有编码结果，只检查/补算指标。
      [提示] CSV 已有该 QP 的结果，跳过写入。

[3/16] (18%) 处理: /data/lichaofei/data/DVC_testset_video/test/Mixed NS and SC images/mobile/3_2_00015.mp4
---------------------------------------------
  [提示] 原始分辨率 1080x1910 不是 16 的倍数，将 pad 到 1088x1920
  分辨率: 1088x1920, 帧数: 152
    -> QP=22
      [提示] 检测到已有编码结果，只检查/补算指标。
      [提示] CSV 已有该 QP 的结果，跳过写入。
    -> QP=27
      [提示] 检测到已有编码结果，只检查/补算指标。
      [提示] CSV 已有该 QP 的结果，跳过写入。
    -> QP=32
      [提示] 检测到已有编码结果，只检查/补算指标。
      [提示] CSV 已有该 QP 的结果，跳过写入。
    -> QP=37
      [提示] 检测到已有编码结果，只检查/补算指标。
      [提示] CSV 已有该 QP 的结果，跳过写入。
    -> QP=42
      [提示] 检测到已有编码结果，只检查/补算指标。
      [提示] CSV 已有该 QP 的结果，跳过写入。

[4/16] (25%) 处理: /data/lichaofei/data/DVC_testset_video/test/Mixed NS and SC images/mobile/3_2_00018.mp4
---------------------------------------------
  [提示] 原始分辨率 1080x1910 不是 16 的倍数，将 pad 到 1088x1920
  分辨率: 1088x1920, 帧数: 152
    -> QP=22
      [提示] 检测到已有编码结果，只检查/补算指标。
      [提示] CSV 已有该 QP 的结果，跳过写入。
    -> QP=27
      [提示] 检测到已有编码结果，只检查/补算指标。
      [提示] CSV 已有该 QP 的结果，跳过写入。
    -> QP=32
      [提示] 检测到已有编码结果，只检查/补算指标。
      [提示] CSV 已有该 QP 的结果，跳过写入。
    -> QP=37
      [提示] 检测到已有编码结果，只检查/补算指标。
      [提示] CSV 已有该 QP 的结果，跳过写入。
    -> QP=42
      [提示] 检测到已有编码结果，只检查/补算指标。
      [提示] CSV 已有该 QP 的结果，跳过写入。

[5/16] (31%) 处理: /data/lichaofei/data/DVC_testset_video/test/Mixed NS and SC images/mobile/3_2_00020.mp4
---------------------------------------------
  分辨率: 704x1408, 帧数: 153
    -> QP=22
      [提示] 检测到已有编码结果，只检查/补算指标。
      [提示] CSV 已有该 QP 的结果，跳过写入。
    -> QP=27
      [提示] 检测到已有编码结果，只检查/补算指标。
      [提示] CSV 已有该 QP 的结果，跳过写入。
    -> QP=32
      [提示] 检测到已有编码结果，只检查/补算指标。
      [提示] CSV 已有该 QP 的结果，跳过写入。
    -> QP=37
      [提示] 检测到已有编码结果，只检查/补算指标。
      [提示] CSV 已有该 QP 的结果，跳过写入。
    -> QP=42
      [提示] 检测到已有编码结果，只检查/补算指标。
      [提示] CSV 已有该 QP 的结果，跳过写入。

[6/16] (37%) 处理: /data/lichaofei/data/DVC_testset_video/test/Mixed NS and SC images/mobile/3_2_00027.mp4
---------------------------------------------
  [提示] 原始分辨率 1080x1910 不是 16 的倍数，将 pad 到 1088x1920
  分辨率: 1088x1920, 帧数: 152
    -> QP=22
      [提示] 检测到已有编码结果，只检查/补算指标。
      [提示] CSV 已有该 QP 的结果，跳过写入。
    -> QP=27
      [提示] 检测到已有编码结果，只检查/补算指标。
      [提示] CSV 已有该 QP 的结果，跳过写入。
    -> QP=32
      [提示] 检测到已有编码结果，只检查/补算指标。
      [提示] CSV 已有该 QP 的结果，跳过写入。
    -> QP=37
      [提示] 检测到已有编码结果，只检查/补算指标。
      [提示] CSV 已有该 QP 的结果，跳过写入。
    -> QP=42
      [提示] 检测到已有编码结果，只检查/补算指标。
      [提示] CSV 已有该 QP 的结果，跳过写入。

[7/16] (43%) 处理: /data/lichaofei/data/DVC_testset_video/test/Mixed NS and SC images/mobile/3_2_00030.mp4
---------------------------------------------
  [提示] 原始分辨率 1080x1910 不是 16 的倍数，将 pad 到 1088x1920
  分辨率: 1088x1920, 帧数: 152
    -> QP=22
      [提示] 检测到已有编码结果，只检查/补算指标。
      [提示] CSV 已有该 QP 的结果，跳过写入。
    -> QP=27
      [提示] 检测到已有编码结果，只检查/补算指标。
      [提示] CSV 已有该 QP 的结果，跳过写入。
    -> QP=32
      [提示] 检测到已有编码结果，只检查/补算指标。
      [提示] CSV 已有该 QP 的结果，跳过写入。
    -> QP=37
      [提示] 检测到已有编码结果，只检查/补算指标。
      [提示] CSV 已有该 QP 的结果，跳过写入。
    -> QP=42
      [提示] 检测到已有编码结果，只检查/补算指标。
      [提示] CSV 已有该 QP 的结果，跳过写入。

[8/16] (50%) 处理: /data/lichaofei/data/DVC_testset_video/test/Mixed NS and SC images/mobile/3_2_00034.mp4
---------------------------------------------
  [提示] 原始分辨率 1440x3114 不是 16 的倍数，将 pad 到 1440x3120
  分辨率: 1440x3120, 帧数: 258
    -> QP=22
      [提示] 检测到已有编码结果，只检查/补算指标。
      [提示] CSV 已有该 QP 的结果，跳过写入。
    -> QP=27
      [提示] 检测到已有编码结果，只检查/补算指标。
      [提示] CSV 已有该 QP 的结果，跳过写入。
    -> QP=32
      [提示] 检测到已有编码结果，只检查/补算指标。
      [提示] CSV 已有该 QP 的结果，跳过写入。
    -> QP=37
      [提示] 检测到已有编码结果，只检查/补算指标。
      [提示] CSV 已有该 QP 的结果，跳过写入。
    -> QP=42
      [提示] 检测到已有编码结果，只检查/补算指标。
      [提示] CSV 已有该 QP 的结果，跳过写入。

[9/16] (56%) 处理: /data/lichaofei/data/DVC_testset_video/test/Mixed NS and SC images/mobile/3_2_00041.mp4
---------------------------------------------
  [提示] 原始分辨率 1440x3114 不是 16 的倍数，将 pad 到 1440x3120
  分辨率: 1440x3120, 帧数: 247
    -> QP=22
      [提示] 检测到已有编码结果，只检查/补算指标。
      [提示] CSV 已有该 QP 的结果，跳过写入。
    -> QP=27
      [提示] 检测到已有编码结果，只检查/补算指标。
      [提示] CSV 已有该 QP 的结果，跳过写入。
    -> QP=32
      [提示] 检测到已有编码结果，只检查/补算指标。
      [提示] CSV 已有该 QP 的结果，跳过写入。
    -> QP=37
      [提示] 检测到已有编码结果，只检查/补算指标。
      [提示] CSV 已有该 QP 的结果，跳过写入。
    -> QP=42
      [提示] 检测到已有编码结果，只检查/补算指标。
      [提示] CSV 已有该 QP 的结果，跳过写入。

[10/16] (62%) 处理: /data/lichaofei/data/DVC_testset_video/test/Mixed NS and SC images/mobile/3_2_00046.mp4
---------------------------------------------
  [提示] 原始分辨率 1440x3114 不是 16 的倍数，将 pad 到 1440x3120
  分辨率: 1440x3120, 帧数: 245
    -> QP=22
      [提示] 检测到已有编码结果，只检查/补算指标。
      [提示] CSV 已有该 QP 的结果，跳过写入。
    -> QP=27
      [提示] 检测到已有编码结果，只检查/补算指标。
      [提示] CSV 已有该 QP 的结果，跳过写入。
    -> QP=32
      [提示] 检测到已有编码结果，只检查/补算指标。
      [提示] CSV 已有该 QP 的结果，跳过写入。
    -> QP=37
      [提示] 检测到已有编码结果，只检查/补算指标。
      [提示] CSV 已有该 QP 的结果，跳过写入。
    -> QP=42
      [提示] 检测到已有编码结果，只检查/补算指标。
      [提示] CSV 已有该 QP 的结果，跳过写入。

[11/16] (68%) 处理: /data/lichaofei/data/DVC_testset_video/test/Mixed NS and SC images/mobile/3_2_00049.mp4
---------------------------------------------
  分辨率: 576x1280, 帧数: 296
    -> QP=22
      [提示] 检测到已有编码结果，只检查/补算指标。
      [提示] CSV 已有该 QP 的结果，跳过写入。
    -> QP=27
      [提示] 检测到已有编码结果，只检查/补算指标。
      [提示] CSV 已有该 QP 的结果，跳过写入。
    -> QP=32
      [提示] 检测到已有编码结果，只检查/补算指标。
      [提示] CSV 已有该 QP 的结果，跳过写入。
    -> QP=37
      [提示] 检测到已有编码结果，只检查/补算指标。
      [提示] CSV 已有该 QP 的结果，跳过写入。
    -> QP=42
      [提示] 检测到已有编码结果，只检查/补算指标。
      [提示] CSV 已有该 QP 的结果，跳过写入。

[12/16] (75%) 处理: /data/lichaofei/data/DVC_testset_video/test/Mixed NS and SC images/mobile/3_2_00051.mp4
---------------------------------------------
  [提示] 原始分辨率 1440x3114 不是 16 的倍数，将 pad 到 1440x3120
  分辨率: 1440x3120, 帧数: 244
    -> QP=22
      [提示] 检测到已有编码结果，只检查/补算指标。
      [提示] CSV 已有该 QP 的结果，跳过写入。
    -> QP=27
      [提示] 检测到已有编码结果，只检查/补算指标。
      [提示] CSV 已有该 QP 的结果，跳过写入。
    -> QP=32
      [提示] 检测到已有编码结果，只检查/补算指标。
      [提示] CSV 已有该 QP 的结果，跳过写入。
    -> QP=37
      [提示] 检测到已有编码结果，只检查/补算指标。
      [提示] CSV 已有该 QP 的结果，跳过写入。
    -> QP=42
      [提示] 检测到已有编码结果，只检查/补算指标。
      [提示] CSV 已有该 QP 的结果，跳过写入。

[13/16] (81%) 处理: /data/lichaofei/data/DVC_testset_video/test/Mixed NS and SC images/mobile/3_2_00052.mp4
---------------------------------------------
  [提示] 原始分辨率 1440x3114 不是 16 的倍数，将 pad 到 1440x3120
  分辨率: 1440x3120, 帧数: 250
    -> QP=22
      [提示] 检测到已有编码结果，只检查/补算指标。
      [提示] CSV 已有该 QP 的结果，跳过写入。
    -> QP=27
      [提示] 检测到已有编码结果，只检查/补算指标。
      [提示] CSV 已有该 QP 的结果，跳过写入。
    -> QP=32
      [提示] 检测到已有编码结果，只检查/补算指标。
      [提示] CSV 已有该 QP 的结果，跳过写入。
    -> QP=37
      [提示] 检测到已有编码结果，只检查/补算指标。
      [提示] CSV 已有该 QP 的结果，跳过写入。
    -> QP=42
      [提示] 检测到已有编码结果，只检查/补算指标。
      [提示] CSV 已有该 QP 的结果，跳过写入。

[14/16] (87%) 处理: /data/lichaofei/data/DVC_testset_video/test/Mixed NS and SC images/mobile/3_2_00060.mp4
---------------------------------------------
  [提示] 原始分辨率 1440x3114 不是 16 的倍数，将 pad 到 1440x3120
  分辨率: 1440x3120, 帧数: 246
    -> QP=22
      [提示] 检测到已有编码结果，只检查/补算指标。
      [提示] CSV 已有该 QP 的结果，跳过写入。
    -> QP=27
      [提示] 检测到已有编码结果，只检查/补算指标。
      [提示] CSV 已有该 QP 的结果，跳过写入。
    -> QP=32
      [提示] 检测到已有编码结果，只检查/补算指标。
      [提示] CSV 已有该 QP 的结果，跳过写入。
    -> QP=37
      [提示] 检测到已有编码结果，只检查/补算指标。
      [提示] CSV 已有该 QP 的结果，跳过写入。
    -> QP=42
      [提示] 检测到已有编码结果，只检查/补算指标。
      [提示] CSV 已有该 QP 的结果，跳过写入。

[15/16] (93%) 处理: /data/lichaofei/data/DVC_testset_video/test/Mixed NS and SC images/mobile/3_2_00071.mp4
---------------------------------------------
  [提示] 原始分辨率 1440x3114 不是 16 的倍数，将 pad 到 1440x3120
  分辨率: 1440x3120, 帧数: 259
    -> QP=22
      [提示] 检测到已有编码结果，只检查/补算指标。
      [提示] CSV 已有该 QP 的结果，跳过写入。
    -> QP=27
      [提示] 检测到已有编码结果，只检查/补算指标。
      [提示] CSV 已有该 QP 的结果，跳过写入。
    -> QP=32
      [提示] 检测到已有编码结果，只检查/补算指标。
      [提示] CSV 已有该 QP 的结果，跳过写入。
    -> QP=37
      H.264 / JM 编码...
      计算 MS-SSIM...
/home/chaofeili/PyTorchVideoCompression/DVC/examples/example/savecode/tools/compute_msssim_yuv.py:30: UserWarning: The given NumPy array is not writable, and PyTorch does not support non-writable tensors. This means writing to this tensor will result in undefined behavior. You may want to copy the array to protect its data or make it writable before converting it to a tensor. This type of warning will be suppressed for the rest of this program. (Triggered internally at  ../torch/csrc/utils/tensor_numpy.cpp:172.)
  t_ref = torch.from_numpy(y_ref).unsqueeze(0).unsqueeze(0).float() / 255.0
      bpp=0.00719534782034782, PSNR-Y=37.80266837912771, MS-SSIM=0.9926106278500502
    -> QP=42
      H.264 / JM 编码...
      计算 MS-SSIM...
/home/chaofeili/PyTorchVideoCompression/DVC/examples/example/savecode/tools/compute_msssim_yuv.py:30: UserWarning: The given NumPy array is not writable, and PyTorch does not support non-writable tensors. This means writing to this tensor will result in undefined behavior. You may want to copy the array to protect its data or make it writable before converting it to a tensor. This type of warning will be suppressed for the rest of this program. (Triggered internally at  ../torch/csrc/utils/tensor_numpy.cpp:172.)
  t_ref = torch.from_numpy(y_ref).unsqueeze(0).unsqueeze(0).float() / 255.0
      bpp=0.005167427042427042, PSNR-Y=34.363150789691275, MS-SSIM=0.9837732301255451

[16/16] (100%) 处理: /data/lichaofei/data/DVC_testset_video/test/Mixed NS and SC images/mobile/3_2_00074.mp4
---------------------------------------------
  [提示] 原始分辨率 1440x3114 不是 16 的倍数，将 pad 到 1440x3120
  转成 YUV 并 pad 到 1440x3120: /data/lichaofei/data/h264_jm_results/./3_2_00074.yuv
  分辨率: 1440x3120, 帧数: 264
    -> QP=22
      H.264 / JM 编码...
      计算 MS-SSIM...
/home/chaofeili/PyTorchVideoCompression/DVC/examples/example/savecode/tools/compute_msssim_yuv.py:30: UserWarning: The given NumPy array is not writable, and PyTorch does not support non-writable tensors. This means writing to this tensor will result in undefined behavior. You may want to copy the array to protect its data or make it writable before converting it to a tensor. This type of warning will be suppressed for the rest of this program. (Triggered internally at  ../torch/csrc/utils/tensor_numpy.cpp:172.)
  t_ref = torch.from_numpy(y_ref).unsqueeze(0).unsqueeze(0).float() / 255.0
      bpp=0.03848258223258223, PSNR-Y=48.63925193742085, MS-SSIM=0.9988883176084721
    -> QP=27
      H.264 / JM 编码...
      计算 MS-SSIM...
/home/chaofeili/PyTorchVideoCompression/DVC/examples/example/savecode/tools/compute_msssim_yuv.py:30: UserWarning: The given NumPy array is not writable, and PyTorch does not support non-writable tensors. This means writing to this tensor will result in undefined behavior. You may want to copy the array to protect its data or make it writable before converting it to a tensor. This type of warning will be suppressed for the rest of this program. (Triggered internally at  ../torch/csrc/utils/tensor_numpy.cpp:172.)
  t_ref = torch.from_numpy(y_ref).unsqueeze(0).unsqueeze(0).float() / 255.0
      bpp=0.021337311415436416, PSNR-Y=45.43343735126649, MS-SSIM=0.9977485097267411
    -> QP=32
      H.264 / JM 编码...
      计算 MS-SSIM...
/home/chaofeili/PyTorchVideoCompression/DVC/examples/example/savecode/tools/compute_msssim_yuv.py:30: UserWarning: The given NumPy array is not writable, and PyTorch does not support non-writable tensors. This means writing to this tensor will result in undefined behavior. You may want to copy the array to protect its data or make it writable before converting it to a tensor. This type of warning will be suppressed for the rest of this program. (Triggered internally at  ../torch/csrc/utils/tensor_numpy.cpp:172.)
  t_ref = torch.from_numpy(y_ref).unsqueeze(0).unsqueeze(0).float() / 255.0
      bpp=0.011810944649486316, PSNR-Y=41.82691748372135, MS-SSIM=0.9950418702580712
    -> QP=37
      H.264 / JM 编码...
      计算 MS-SSIM...
/home/chaofeili/PyTorchVideoCompression/DVC/examples/example/savecode/tools/compute_msssim_yuv.py:30: UserWarning: The given NumPy array is not writable, and PyTorch does not support non-writable tensors. This means writing to this tensor will result in undefined behavior. You may want to copy the array to protect its data or make it writable before converting it to a tensor. This type of warning will be suppressed for the rest of this program. (Triggered internally at  ../torch/csrc/utils/tensor_numpy.cpp:172.)
  t_ref = torch.from_numpy(y_ref).unsqueeze(0).unsqueeze(0).float() / 255.0
      bpp=0.006494761989553656, PSNR-Y=38.34756577340674, MS-SSIM=0.9895563994844755
    -> QP=42
      H.264 / JM 编码...
      计算 MS-SSIM...
/home/chaofeili/PyTorchVideoCompression/DVC/examples/example/savecode/tools/compute_msssim_yuv.py:30: UserWarning: The given NumPy array is not writable, and PyTorch does not support non-writable tensors. This means writing to this tensor will result in undefined behavior. You may want to copy the array to protect its data or make it writable before converting it to a tensor. This type of warning will be suppressed for the rest of this program. (Triggered internally at  ../torch/csrc/utils/tensor_numpy.cpp:172.)
  t_ref = torch.from_numpy(y_ref).unsqueeze(0).unsqueeze(0).float() / 255.0
      bpp=0.0035347465034965037, PSNR-Y=34.53790557791674, MS-SSIM=0.9779100251017194

全部完成，结果在: /data/lichaofei/data/h264_jm_results/h264_jm_results.csv
数据集平均 RD 点已写入: /data/lichaofei/data/h264_jm_results/h264_jm_results_dataset_avg.csv
